0 info it worked if it ends with ok
1 verbose cli [ 'C:\\Program Files\\nodejs\\node.exe',
1 verbose cli   'C:\\Program Files\\nodejs\\node_modules\\npm\\bin\\npm-cli.js',
1 verbose cli   'run',
1 verbose cli   'start' ]
2 info using npm@3.10.10
3 info using node@v6.10.3
4 verbose run-script [ 'prestart', 'start', 'poststart' ]
5 info lifecycle shoppingcart@1.0.0~prestart: shoppingcart@1.0.0
6 verbose lifecycle shoppingcart@1.0.0~prestart: unsafe-perm in lifecycle true
7 verbose lifecycle shoppingcart@1.0.0~prestart: PATH: C:\Program Files\nodejs\node_modules\npm\bin\node-gyp-bin;E:\New folder (2)\ExpressCart\node_modules\.bin;C:\Program Files\Microsoft MPI\Bin\;C:\ProgramData\Oracle\Java\javapath;C:\Program Files (x86)\Intel\iCLS Client\;C:\Program Files\Intel\iCLS Client\;C:\Windows\system32;C:\Windows;C:\Windows\System32\Wbem;C:\Windows\System32\WindowsPowerShell\v1.0\;C:\Program Files (x86)\Intel\Intel(R) Management Engine Components\DAL;C:\Program Files\Intel\Intel(R) Management Engine Components\DAL;C:\Program Files (x86)\Intel\Intel(R) Management Engine Components\IPT;C:\Program Files\Intel\Intel(R) Management Engine Components\IPT;C:\Program Files\Intel\WiFi\bin\;C:\Program Files\Common Files\Intel\WirelessCommon\;C:\Program Files\TortoiseSVN\bin;C:\Program Files (x86)\Windows Kits\10\Windows Performance Toolkit\;C:\Program Files\Microsoft SQL Server\130\Tools\Binn\;C:\Program Files\dotnet\;C:\Program Files\Git\cmd;C:\Program Files (x86)\Microsoft SQL Server\130\Tools\Binn\;C:\Program Files (x86)\Microsoft SQL Server\130\DTS\Binn\;C:\Program Files\Microsoft SQL Server\130\DTS\Binn\;C:\Program Files\Microsoft SQL Server\Client SDK\ODBC\130\Tools\Binn\;C:\Program Files (x86)\Microsoft SQL Server\Client SDK\ODBC\130\Tools\Binn\;C:\Program Files (x86)\Microsoft SQL Server\130\Tools\Binn\ManagementStudio\;C:\Program Files\nodejs\;C:\Users\malwinderkaur\AppData\Local\Microsoft\WindowsApps;C:\Users\malwinderkaur\AppData\Roaming\npm;
8 verbose lifecycle shoppingcart@1.0.0~prestart: CWD: E:\New folder (2)\ExpressCart
9 silly lifecycle shoppingcart@1.0.0~prestart: Args: [ '/d /s /c', 'npm run build' ]
10 silly lifecycle shoppingcart@1.0.0~prestart: Returned: code: 0  signal: null
11 info lifecycle shoppingcart@1.0.0~start: shoppingcart@1.0.0
12 verbose lifecycle shoppingcart@1.0.0~start: unsafe-perm in lifecycle true
13 verbose lifecycle shoppingcart@1.0.0~start: PATH: C:\Program Files\nodejs\node_modules\npm\bin\node-gyp-bin;E:\New folder (2)\ExpressCart\node_modules\.bin;C:\Program Files\Microsoft MPI\Bin\;C:\ProgramData\Oracle\Java\javapath;C:\Program Files (x86)\Intel\iCLS Client\;C:\Program Files\Intel\iCLS Client\;C:\Windows\system32;C:\Windows;C:\Windows\System32\Wbem;C:\Windows\System32\WindowsPowerShell\v1.0\;C:\Program Files (x86)\Intel\Intel(R) Management Engine Components\DAL;C:\Program Files\Intel\Intel(R) Management Engine Components\DAL;C:\Program Files (x86)\Intel\Intel(R) Management Engine Components\IPT;C:\Program Files\Intel\Intel(R) Management Engine Components\IPT;C:\Program Files\Intel\WiFi\bin\;C:\Program Files\Common Files\Intel\WirelessCommon\;C:\Program Files\TortoiseSVN\bin;C:\Program Files (x86)\Windows Kits\10\Windows Performance Toolkit\;C:\Program Files\Microsoft SQL Server\130\Tools\Binn\;C:\Program Files\dotnet\;C:\Program Files\Git\cmd;C:\Program Files (x86)\Microsoft SQL Server\130\Tools\Binn\;C:\Program Files (x86)\Microsoft SQL Server\130\DTS\Binn\;C:\Program Files\Microsoft SQL Server\130\DTS\Binn\;C:\Program Files\Microsoft SQL Server\Client SDK\ODBC\130\Tools\Binn\;C:\Program Files (x86)\Microsoft SQL Server\Client SDK\ODBC\130\Tools\Binn\;C:\Program Files (x86)\Microsoft SQL Server\130\Tools\Binn\ManagementStudio\;C:\Program Files\nodejs\;C:\Users\malwinderkaur\AppData\Local\Microsoft\WindowsApps;C:\Users\malwinderkaur\AppData\Roaming\npm;
14 verbose lifecycle shoppingcart@1.0.0~start: CWD: E:\New folder (2)\ExpressCart
15 silly lifecycle shoppingcart@1.0.0~start: Args: [ '/d /s /c', 'node dist/server.js' ]
16 silly lifecycle shoppingcart@1.0.0~start: Returned: code: 3221225786  signal: null
17 info lifecycle shoppingcart@1.0.0~start: Failed to exec start script
18 verbose stack Error: shoppingcart@1.0.0 start: `node dist/server.js`
18 verbose stack Exit status 3221225786
18 verbose stack     at EventEmitter.<anonymous> (C:\Program Files\nodejs\node_modules\npm\lib\utils\lifecycle.js:255:16)
18 verbose stack     at emitTwo (events.js:106:13)
18 verbose stack     at EventEmitter.emit (events.js:191:7)
18 verbose stack     at ChildProcess.<anonymous> (C:\Program Files\nodejs\node_modules\npm\lib\utils\spawn.js:40:14)
18 verbose stack     at emitTwo (events.js:106:13)
18 verbose stack     at ChildProcess.emit (events.js:191:7)
18 verbose stack     at maybeClose (internal/child_process.js:886:16)
18 verbose stack     at Process.ChildProcess._handle.onexit (internal/child_process.js:226:5)
19 verbose pkgid shoppingcart@1.0.0
20 verbose cwd E:\New folder (2)\ExpressCart
21 error Windows_NT 10.0.16299
22 error argv "C:\\Program Files\\nodejs\\node.exe" "C:\\Program Files\\nodejs\\node_modules\\npm\\bin\\npm-cli.js" "run" "start"
23 error node v6.10.3
24 error npm  v3.10.10
25 error code ELIFECYCLE
26 error shoppingcart@1.0.0 start: `node dist/server.js`
26 error Exit status 3221225786
27 error Failed at the shoppingcart@1.0.0 start script 'node dist/server.js'.
27 error Make sure you have the latest version of node.js and npm installed.
27 error If you do, this is most likely a problem with the shoppingcart package,
27 error not with npm itself.
27 error Tell the author that this fails on your system:
27 error     node dist/server.js
27 error You can get information on how to open an issue for this project with:
27 error     npm bugs shoppingcart
27 error Or if that isn't available, you can get their info via:
27 error     npm owner ls shoppingcart
27 error There is likely additional logging output above.
28 verbose exit [ 1, true ]
